Load dataset...
Use device:  cuda
Design Vortex-large model loading...
Vortex-large_200_60_place: Err(Int):1.0143340826034546%,Err(swi):4.652626281951896%, Err(Lea):3.346550464630127%, Err(T):2.6219798215211565%.Test.
Infer time: 4.105494260787964
Vortex-large_500_65_place: Err(Int):1.1952940225601196%,Err(swi):6.841277350380276%, Err(Lea):4.437615394592285%, Err(T):3.5871545913242904%.Test.
Infer time: 1.8888518810272217
Vortex-large_500_60_place: Err(Int):0.8826760649681091%,Err(swi):5.971643253445213%, Err(Lea):4.113367080688477%, Err(T):3.0396792203131917%.Test.
Infer time: 1.3423209190368652
Vortex-large_500_50_place: Err(Int):1.2289419174194336%,Err(swi):6.762581095180674%, Err(Lea):7.587210655212402%, Err(T):3.576959238556242%.Test.
Infer time: 1.299896478652954
Vortex-large_200_50_place: Err(Int):0.537919282913208%,Err(swi):4.79077662353885%, Err(Lea):8.373982429504395%, Err(T):2.3935416916340806%.Test.
Infer time: 1.3728790283203125
Vortex-large_500_55_place: Err(Int):1.0846517086029053%,Err(swi):6.189610633368785%, Err(Lea):4.944572448730469%, Err(T):3.2453576809968006%.Test.
Infer time: 1.2975008487701416
Vortex-large_200_65_place: Err(Int):0.6641433835029602%,Err(swi):4.587028986042618%, Err(Lea):3.425865650177002%, Err(T):2.3939858308016295%.Test.
Infer time: 1.3535959720611572
Vortex-large_200_55_place: Err(Int):1.035085916519165%,Err(swi):6.007833719236044%, Err(Lea):7.519089221954346%, Err(T):3.198090359538956%.Test.
Infer time: 1.8706960678100586
Design Vortex-small model loading...
Vortex-small_500_55_place: Err(Int):1.5125107765197754%,Err(swi):2.5372633018861763%, Err(Lea):4.383713722229004%, Err(T):1.9670362877612448%.Test.
Infer time: 0.8078169822692871
Vortex-small_200_60_place: Err(Int):0.5316449403762817%,Err(swi):1.975190758429106%, Err(Lea):4.1348958015441895%, Err(T):1.2001336621685943%.Test.
Infer time: 0.7995343208312988
Vortex-small_200_50_place: Err(Int):0.40577957034111023%,Err(swi):2.4757219620539934%, Err(Lea):5.304230690002441%, Err(T):1.3608532030908538%.Test.
Infer time: 0.7790663242340088
Vortex-small_200_55_place: Err(Int):0.6590138673782349%,Err(swi):0.638421380506091%, Err(Lea):4.5116119384765625%, Err(T):0.05234470697015175%.Test.
Infer time: 0.7820651531219482
Vortex-small_500_60_place: Err(Int):3.2683980464935303%,Err(swi):6.738389703899475%, Err(Lea):4.434034824371338%, Err(T):4.801204778934472%.Test.
Infer time: 0.7595655918121338
Vortex-small_200_65_place: Err(Int):0.6842369437217712%,Err(swi):2.069997776274377%, Err(Lea):3.4793806076049805%, Err(T):1.3213166994450989%.Test.
Infer time: 0.771873950958252
Vortex-small_500_50_place: Err(Int):0.7067445516586304%,Err(swi):1.589589585866101%, Err(Lea):4.999989032745361%, Err(T):1.1045961942283744%.Test.
Infer time: 0.7929787635803223
Vortex-small_500_65_place: Err(Int):1.5842828750610352%,Err(swi):4.324930668351453%, Err(Lea):4.028892993927002%, Err(T):2.8016659797047065%.Test.
Infer time: 0.7369561195373535
Design openc910-1 model loading...
openc910-1_200_50_place: Err(Int):0.3284726142883301%,Err(swi):6.13095446258706%, Err(Lea):0.44642579555511475%, Err(T):2.874537097828136%.Test.
Infer time: 1.8236896991729736
openc910-1_200_55_place: Err(Int):0.6584181785583496%,Err(swi):5.325265848943273%, Err(Lea):1.0728394985198975%, Err(T):2.6386851583925384%.Test.
Infer time: 1.8134994506835938
openc910-1_500_50_place: Err(Int):0.04179997369647026%,Err(swi):11.25349909984752%, Err(Lea):0.41787946224212646%, Err(T):4.907500273455363%.Test.
Infer time: 1.8250324726104736
openc910-1_500_60_place: Err(Int):1.7921348810195923%,Err(swi):18.404234344697887%, Err(Lea):1.4559210538864136%, Err(T):9.212072193554405%.Test.
Infer time: 1.8559987545013428
openc910-1_500_65_place: Err(Int):1.2346410751342773%,Err(swi):7.466002251070707%, Err(Lea):1.7377183437347412%, Err(T):2.4892894699876575%.Test.
Infer time: 1.8430864810943604
openc910-1_200_65_place: Err(Int):0.41124075651168823%,Err(swi):3.484798424108283%, Err(Lea):1.7487198114395142%, Err(T):1.2276772115058787%.Test.
Infer time: 1.8257012367248535
openc910-1_200_60_place: Err(Int):0.4481148421764374%,Err(swi):4.814286679623247%, Err(Lea):1.2581427097320557%, Err(T):2.2903760188468745%.Test.
Infer time: 1.8832759857177734
openc910-1_500_55_place: Err(Int):0.9558614492416382%,Err(swi):9.216877579935726%, Err(Lea):1.0300461053848267%, Err(T):3.4517178963351727%.Test.
Infer time: 1.8023054599761963
Design nvdla-small model loading...
nvdla-small_200_65_place: Err(Int):0.8630146384239197%,Err(swi):7.674309957808573%, Err(Lea):0.4470921456813812%, Err(T):1.4524504392781015%.Test.
Infer time: 0.9049482345581055
nvdla-small_200_55_place: Err(Int):0.19415389001369476%,Err(swi):11.54192834705855%, Err(Lea):3.051473617553711%, Err(T):3.3333414975179587%.Test.
Infer time: 0.9038801193237305
nvdla-small_500_50_place: Err(Int):0.22137317061424255%,Err(swi):9.532301424054962%, Err(Lea):4.420297145843506%, Err(T):2.8235321351851534%.Test.
Infer time: 0.8881947994232178
nvdla-small_500_65_place: Err(Int):0.24301467835903168%,Err(swi):9.967157551122732%, Err(Lea):1.365520715713501%, Err(T):2.5995580664627784%.Test.
Infer time: 0.9346644878387451
nvdla-small_500_60_place: Err(Int):0.44813042879104614%,Err(swi):9.262581461820858%, Err(Lea):2.8150060176849365%, Err(T):2.8833319808876916%.Test.
Infer time: 0.8583424091339111
nvdla-small_500_55_place: Err(Int):0.4442206025123596%,Err(swi):8.58066343943256%, Err(Lea):2.129298686981201%, Err(T):2.0523157390881046%.Test.
Infer time: 0.8702030181884766
nvdla-small_200_60_place: Err(Int):0.30226168036460876%,Err(swi):10.452534901184213%, Err(Lea):3.328050374984741%, Err(T):3.190781163400173%.Test.
Infer time: 0.8605542182922363
nvdla-small_200_50_place: Err(Int):0.1316498965024948%,Err(swi):9.731602833928894%, Err(Lea):3.9296627044677734%, Err(T):2.8207676615092145%.Test.
Infer time: 0.8537421226501465
Design RISCY model loading...
RISCY_500_50_place: Err(Int):0.111668661236763%,Err(swi):6.506264442161484%, Err(Lea):0.8887602686882019%, Err(T):2.403361553987384%.Test.
Infer time: 0.20059609413146973
RISCY_200_55_place: Err(Int):0.6147913932800293%,Err(swi):9.582917809807487%, Err(Lea):0.2303640991449356%, Err(T):3.8153713929735362%.Test.
Infer time: 0.22221779823303223
RISCY_200_65_place: Err(Int):0.4926294684410095%,Err(swi):7.398536699115496%, Err(Lea):1.1788562536239624%, Err(T):2.3166859235418955%.Test.
Infer time: 0.21075081825256348
RISCY_500_60_place: Err(Int):0.9425310492515564%,Err(swi):10.248330741473897%, Err(Lea):0.8025679588317871%, Err(T):4.243845125651136%.Test.
Infer time: 0.2134852409362793
RISCY_500_65_place: Err(Int):0.6528708934783936%,Err(swi):5.404690704482487%, Err(Lea):1.4342855215072632%, Err(T):1.4936904260257955%.Test.
Infer time: 0.20029187202453613
RISCY_200_60_place: Err(Int):1.1506798267364502%,Err(swi):3.9892598117678495%, Err(Lea):0.5253166556358337%, Err(T):0.6750323625768204%.Test.
Infer time: 0.19851922988891602
RISCY_500_55_place: Err(Int):1.246971845626831%,Err(swi):2.732258955868944%, Err(Lea):0.04604475572705269%, Err(T):0.17070053015832856%.Test.
Infer time: 0.1984114646911621
RISCY_200_50_place: Err(Int):0.6971136927604675%,Err(swi):6.907530427077241%, Err(Lea):0.8680183291435242%, Err(T):2.0371126168309015%.Test.
Infer time: 0.19408702850341797
Design RISCY-FPU model loading...
RISCY_500_50_place: Err(Int):0.21989622712135315%,Err(swi):3.7002946095324214%, Err(Lea):0.8868676424026489%, Err(T):1.1881281437736706%.Test.
Infer time: 0.16801953315734863
RISCY-FPU_500_55_place: Err(Int):2.765688180923462%,Err(swi):9.595379535078758%, Err(Lea):1.0162456035614014%, Err(T):5.398427034241698%.Test.
Infer time: 0.26575255393981934
RISCY_200_55_place: Err(Int):0.2703467309474945%,Err(swi):6.722594996018392%, Err(Lea):0.22546355426311493%, Err(T):2.5757200325602514%.Test.
Infer time: 0.16836929321289062
RISCY_200_65_place: Err(Int):0.8440940380096436%,Err(swi):4.898678869789844%, Err(Lea):1.1838065385818481%, Err(T):1.2022003811348743%.Test.
Infer time: 0.16844820976257324
RISCY_500_60_place: Err(Int):0.552634060382843%,Err(swi):7.070142111138682%, Err(Lea):0.8044610023498535%, Err(T):2.864127072799969%.Test.
Infer time: 0.1713886260986328
RISCY-FPU_500_60_place: Err(Int):1.9267899990081787%,Err(swi):0.7556552641772195%, Err(Lea):0.9823956489562988%, Err(T):1.4759868619305445%.Test.
Infer time: 0.30254411697387695
RISCY-FPU_500_65_place: Err(Int):0.31303805112838745%,Err(swi):4.887366004037717%, Err(Lea):0.7322282791137695%, Err(T):2.0550388589095863%.Test.
Infer time: 0.2484908103942871
RISCY-FPU_200_55_place: Err(Int):1.2398457527160645%,Err(swi):1.9264204232898572%, Err(Lea):0.3885740339756012%, Err(T):0.020686569850261165%.Test.
Infer time: 0.24109578132629395
RISCY-FPU_200_50_place: Err(Int):0.11601614207029343%,Err(swi):4.99433628985281%, Err(Lea):0.3564754128456116%, Err(T):1.843857509978393%.Test.
Infer time: 0.24791979789733887
RISCY_500_65_place: Err(Int):0.9712437987327576%,Err(swi):2.6084128337396%, Err(Lea):1.436214566230774%, Err(T):0.2972186574368247%.Test.
Infer time: 0.16890549659729004
RISCY_200_60_place: Err(Int):1.5473116636276245%,Err(swi):0.5156786517119989%, Err(Lea):0.5302760004997253%, Err(T):0.8057077142056848%.Test.
Infer time: 0.1785886287689209
RISCY_500_55_place: Err(Int):1.6309641599655151%,Err(swi):0.09289655497216794%, Err(Lea):0.04414600133895874%, Err(T):1.0771897401387862%.Test.
Infer time: 0.19232392311096191
RISCY-FPU_500_50_place: Err(Int):0.30241674184799194%,Err(swi):4.657559929538537%, Err(Lea):0.4379945397377014%, Err(T):1.9741751902668656%.Test.
Infer time: 0.25690746307373047
RISCY-FPU_200_65_place: Err(Int):0.1757686734199524%,Err(swi):4.493530088923584%, Err(Lea):1.6329600811004639%, Err(T):1.5669532880347687%.Test.
Infer time: 0.2436537742614746
RISCY_200_50_place: Err(Int):0.9774255752563477%,Err(swi):4.01789568144967%, Err(Lea):0.8631374835968018%, Err(T):0.8280993960510871%.Test.
Infer time: 0.1772022247314453
RISCY-FPU_200_60_place: Err(Int):0.4428556561470032%,Err(swi):2.638614274975917%, Err(Lea):1.0093239545822144%, Err(T):0.7175002638928207%.Test.
Infer time: 0.24355292320251465
Design zero-riscy model loading...
zero-riscy_200_65_place: Err(Int):0.7778835892677307%,Err(swi):3.2866330099929577%, Err(Lea):0.3102143704891205%, Err(T):0.6296158519007159%.Test.
Infer time: 0.18842267990112305
zero-riscy_500_65_place: Err(Int):0.32147496938705444%,Err(swi):4.225505948925508%, Err(Lea):0.14307475090026855%, Err(T):1.2680180687867293%.Test.
Infer time: 0.18076181411743164
zero-riscy_500_60_place: Err(Int):0.2502492070198059%,Err(swi):6.801420594899884%, Err(Lea):1.1116491556167603%, Err(T):2.560227717185316%.Test.
Infer time: 0.17800068855285645
zero-riscy_500_55_place: Err(Int):0.13546690344810486%,Err(swi):6.8562078416230285%, Err(Lea):1.4740183353424072%, Err(T):2.3360672984450646%.Test.
Infer time: 0.1743471622467041
zero-riscy_200_50_place: Err(Int):0.4811372756958008%,Err(swi):1.966261961136159%, Err(Lea):2.3725483417510986%, Err(T):0.387660869914951%.Test.
Infer time: 0.16812491416931152
zero-riscy_200_60_place: Err(Int):0.16217586398124695%,Err(swi):7.045549957930641%, Err(Lea):0.7412912249565125%, Err(T):2.5600772661598907%.Test.
Infer time: 0.17450809478759766
zero-riscy_500_50_place: Err(Int):0.26181507110595703%,Err(swi):6.102685862411229%, Err(Lea):2.5073370933532715%, Err(T):2.31767179778747%.Test.
Infer time: 0.1695408821105957
zero-riscy_200_55_place: Err(Int):0.5297108888626099%,Err(swi):7.5954760499786405%, Err(Lea):1.6413661241531372%, Err(T):3.018625648465012%.Test.
Infer time: 0.16727185249328613
+--------------+----------------------------+-----------------------------+---------------------------+-------------------------+
| Design       |   Internal Power Error (%) |   Switching Power Error (%) |   Leakage Power Error (%) |   Total Power Error (%) |
+==============+============================+=============================+===========================+=========================+
| Vortex-large |                      0.955 |                       5.725 |                     5.469 |                   3.007 |
+--------------+----------------------------+-----------------------------+---------------------------+-------------------------+
| Vortex-small |                      1.169 |                       2.794 |                     4.41  |                   1.826 |
+--------------+----------------------------+-----------------------------+---------------------------+-------------------------+
| openc910-1   |                      0.734 |                       8.262 |                     1.146 |                   3.636 |
+--------------+----------------------------+-----------------------------+---------------------------+-------------------------+
| nvdla-small  |                      0.356 |                       9.593 |                     2.686 |                   2.645 |
+--------------+----------------------------+-----------------------------+---------------------------+-------------------------+
| RISCY        |                      0.808 |                       5.15  |                     0.747 |                   1.75  |
+--------------+----------------------------+-----------------------------+---------------------------+-------------------------+
| RISCY-FPU    |                      0.91  |                       4.244 |                     0.82  |                   1.882 |
+--------------+----------------------------+-----------------------------+---------------------------+-------------------------+
| zero-riscy   |                      0.365 |                       5.485 |                     1.288 |                   1.885 |
+--------------+----------------------------+-----------------------------+---------------------------+-------------------------+
